e:\qasim alvi\pics\1x\contact book\contact book\x64\debug\vc143.pdb
e:\qasim alvi\pics\1x\contact book\contact book\x64\debug\vc143.idb
e:\qasim alvi\pics\1x\contact book\contact book\x64\debug\main.obj
e:\qasim alvi\pics\1x\contact book\contact book\x64\debug\contactsbook2.obj
e:\qasim alvi\pics\1x\contact book\contact book\x64\debug\contact.obj
e:\qasim alvi\pics\1x\contact book\contact book\x64\debug\address2.obj
e:\qasim alvi\pics\1x\contact book\contact book\x64\debug\searchhistory.obj
e:\qasim alvi\pics\1x\contact book\contact book\x64\debug\historyobject.obj
e:\qasim alvi\pics\1x\contact book\x64\debug\contact book.exe
e:\qasim alvi\pics\1x\contact book\contact book\x64\debug\contact book.ilk
e:\qasim alvi\pics\1x\contact book\x64\debug\contact book.pdb
e:\qasim alvi\pics\1x\contact book\contact book\x64\debug\address.obj
e:\qasim alvi\pics\1x\contact book\contact book\x64\debug\contactsbook.obj
e:\qasim alvi\pics\1x\contact book\contact book\x64\debug\contactsbook2.obj.enc
e:\qasim alvi\pics\1x\contact book\contact book\x64\debug\contact book.tlog\cl.command.1.tlog
e:\qasim alvi\pics\1x\contact book\contact book\x64\debug\contact book.tlog\cl.items.tlog
e:\qasim alvi\pics\1x\contact book\contact book\x64\debug\contact book.tlog\cl.read.1.tlog
e:\qasim alvi\pics\1x\contact book\contact book\x64\debug\contact book.tlog\cl.write.1.tlog
e:\qasim alvi\pics\1x\contact book\contact book\x64\debug\contact book.tlog\link-cvtres.read.1.tlog
e:\qasim alvi\pics\1x\contact book\contact book\x64\debug\contact book.tlog\link-cvtres.write.1.tlog
e:\qasim alvi\pics\1x\contact book\contact book\x64\debug\contact book.tlog\link-rc.read.1.tlog
e:\qasim alvi\pics\1x\contact book\contact book\x64\debug\contact book.tlog\link-rc.write.1.tlog
e:\qasim alvi\pics\1x\contact book\contact book\x64\debug\contact book.tlog\link.13288-cvtres.read.1.tlog
e:\qasim alvi\pics\1x\contact book\contact book\x64\debug\contact book.tlog\link.13288-cvtres.write.1.tlog
e:\qasim alvi\pics\1x\contact book\contact book\x64\debug\contact book.tlog\link.13288-rc.read.1.tlog
e:\qasim alvi\pics\1x\contact book\contact book\x64\debug\contact book.tlog\link.13288-rc.write.1.tlog
e:\qasim alvi\pics\1x\contact book\contact book\x64\debug\contact book.tlog\link.13288.read.1.tlog
e:\qasim alvi\pics\1x\contact book\contact book\x64\debug\contact book.tlog\link.13288.read.2.tlog
e:\qasim alvi\pics\1x\contact book\contact book\x64\debug\contact book.tlog\link.13288.write.1.tlog
e:\qasim alvi\pics\1x\contact book\contact book\x64\debug\contact book.tlog\link.command.1.tlog
e:\qasim alvi\pics\1x\contact book\contact book\x64\debug\contact book.tlog\link.read.1.tlog
e:\qasim alvi\pics\1x\contact book\contact book\x64\debug\contact book.tlog\link.read.2.tlog
e:\qasim alvi\pics\1x\contact book\contact book\x64\debug\contact book.tlog\link.secondary.1.tlog
e:\qasim alvi\pics\1x\contact book\contact book\x64\debug\contact book.tlog\link.write.1.tlog
